2017-11-29 15:20:33,539 [Line=101] INFO udp is running start
2017-11-29 15:22:35,683 [Line=101] INFO udp is running start
2017-11-29 15:22:36,016 [Line=15] INFO connect() got an unexpected keyword argument 'passwd' connect
2017-11-29 15:23:19,180 [Line=101] INFO udp is running start
2017-11-29 15:24:45,921 [Line=101] INFO udp is running start
2017-11-29 15:25:04,954 [Line=112] INFO ('', 9982)
2017-11-29 15:27:20,098 [Line=101] INFO udp is running start
2017-11-29 15:27:22,624 [Line=112] INFO ('', 9982)
2017-11-29 15:28:48,289 [Line=101] INFO udp is running start
2017-11-29 15:28:55,707 [Line=112] INFO ('', 9982)
2017-11-29 15:29:37,326 [Line=101] INFO udp is running start
2017-11-29 15:29:37,871 [Line=112] INFO ('', 9982)
2017-11-29 15:31:06,160 [Line=101] INFO udp is running start
2017-11-29 15:31:06,701 [Line=112] INFO ('', 9982)
2017-11-29 15:35:24,979 [Line=102] INFO udp is running start
2017-11-29 15:35:25,517 [Line=113] INFO ('', 9982)
2017-11-29 15:35:54,640 [Line=102] INFO udp is running start
2017-11-29 15:35:55,177 [Line=113] INFO ('', 9982)
2017-11-29 15:36:26,230 [Line=102] INFO udp is running start
2017-11-29 15:36:26,775 [Line=113] INFO ('', 9982)
2017-11-29 15:49:53,749 [Line=102] INFO udp is running start
2017-11-29 15:49:54,286 [Line=113] INFO ('', 9982)
2017-11-29 15:53:19,838 [Line=102] INFO udp is running start
2017-11-29 15:53:20,388 [Line=113] INFO ('', 9982)
2017-11-29 15:54:13,947 [Line=102] INFO udp is running start
2017-11-29 15:54:14,494 [Line=113] INFO ('', 9982)
2017-11-29 15:57:09,039 [Line=102] INFO udp is running start
2017-11-29 15:57:09,585 [Line=113] INFO ('', 9982)
2017-11-29 16:14:45,022 [Line=102] INFO udp is running start
2017-11-29 16:14:45,546 [Line=113] INFO ('', 9982)
2017-11-29 16:15:40,928 [Line=103] INFO udp is running start
2017-11-29 16:15:41,479 [Line=114] INFO ('', 9982)
2017-11-29 16:16:37,779 [Line=104] INFO udp is running start
2017-11-29 16:16:38,332 [Line=115] INFO ('', 9982)
2017-11-29 16:18:24,638 [Line=104] INFO udp is running start
2017-11-29 16:18:25,173 [Line=115] INFO ('', 9982)
2017-11-29 16:18:50,607 [Line=104] INFO udp is running start
2017-11-29 16:18:51,131 [Line=115] INFO ('', 9982)
2017-11-29 16:19:09,207 [Line=104] INFO udp is running start
2017-11-29 16:19:09,737 [Line=115] INFO ('', 9982)
2017-11-29 16:19:20,888 [Line=104] INFO udp is running start
2017-11-29 16:19:21,421 [Line=115] INFO ('', 9982)
2017-11-29 16:19:48,305 [Line=104] INFO udp is running start
2017-11-29 16:19:48,872 [Line=115] INFO ('', 9982)
2017-11-29 16:20:00,434 [Line=104] INFO udp is running start
2017-11-29 16:20:00,990 [Line=115] INFO ('', 9982)
2017-11-29 16:20:07,410 [Line=104] INFO udp is running start
2017-11-29 16:20:07,954 [Line=115] INFO ('', 9982)
2017-11-29 16:20:13,322 [Line=104] INFO udp is running start
2017-11-29 16:20:13,862 [Line=115] INFO ('', 9982)
2017-11-29 16:20:20,920 [Line=104] INFO udp is running start
2017-11-29 16:20:21,453 [Line=115] INFO ('', 9982)
2017-11-29 16:21:24,926 [Line=106] INFO udp is running start
2017-11-29 16:21:25,470 [Line=117] INFO ('', 9982)
2017-11-29 16:22:56,398 [Line=106] INFO udp is running start
2017-11-29 16:22:56,938 [Line=117] INFO ('', 9982)
2017-11-29 16:23:35,776 [Line=107] INFO udp is running start
2017-11-29 16:23:36,338 [Line=118] INFO ('', 9982)
2017-11-29 16:25:17,539 [Line=107] INFO udp is running start
2017-11-29 16:25:18,075 [Line=118] INFO ('', 9982)
2017-11-29 16:26:16,540 [Line=107] INFO udp is running start
2017-11-29 16:26:17,092 [Line=118] INFO ('', 9982)
2017-11-29 16:26:21,046 [Line=123] WARNING [Errno 10054] 
2017-11-29 16:26:30,016 [Line=107] INFO udp is running start
2017-11-29 16:26:30,565 [Line=118] INFO ('', 9982)
2017-11-29 16:26:32,223 [Line=123] WARNING [Errno 10054] 
2017-11-29 16:26:46,092 [Line=107] INFO udp is running start
2017-11-29 16:26:46,634 [Line=118] INFO ('', 9982)
2017-11-29 16:28:35,528 [Line=107] INFO udp is running start
2017-11-29 16:28:36,084 [Line=118] INFO ('', 9982)
2017-11-29 16:28:51,864 [Line=107] INFO udp is running start
2017-11-29 16:28:52,407 [Line=118] INFO ('', 9982)
2017-11-29 16:30:37,246 [Line=107] INFO udp is running start
2017-11-29 16:30:37,779 [Line=118] INFO ('', 9982)
2017-11-29 16:30:46,217 [Line=107] INFO udp is running start
2017-11-29 16:30:46,749 [Line=118] INFO ('', 9982)
2017-11-29 16:30:57,898 [Line=123] WARNING [Errno 10054] 
2017-11-29 16:31:08,061 [Line=123] WARNING [Errno 10054] 
2017-11-29 16:31:15,085 [Line=107] INFO udp is running start
2017-11-29 16:31:15,635 [Line=118] INFO ('', 9982)
2017-11-29 16:31:19,201 [Line=123] WARNING [Errno 10054] 
2017-11-29 16:31:31,621 [Line=107] INFO udp is running start
2017-11-29 16:31:32,151 [Line=118] INFO ('', 9982)
2017-11-29 17:00:35,846 [Line=137] INFO udp is running start
2017-11-29 17:00:35,846 [Line=148] INFO ('', 9982)
2017-11-29 17:00:48,586 [Line=137] INFO udp is running start
2017-11-29 17:00:48,588 [Line=148] INFO ('', 9982)
2017-11-29 17:01:05,605 [Line=137] INFO udp is running start
2017-11-29 17:01:05,605 [Line=148] INFO ('', 9982)
2017-11-29 17:01:55,005 [Line=137] INFO udp is running start
2017-11-29 17:01:55,005 [Line=148] INFO ('', 9982)
2017-11-29 17:02:11,058 [Line=137] INFO udp is running start
2017-11-29 17:02:11,059 [Line=148] INFO ('', 9982)
2017-11-29 17:02:45,687 [Line=137] INFO udp is running start
2017-11-29 17:02:45,687 [Line=148] INFO ('', 9982)
2017-11-29 17:04:18,012 [Line=137] INFO udp is running start
2017-11-29 17:04:18,012 [Line=148] INFO ('', 9982)
2017-11-29 17:05:38,171 [Line=137] INFO udp is running start
2017-11-29 17:05:38,171 [Line=148] INFO ('', 9982)
2017-11-29 17:05:57,572 [Line=137] INFO udp is running start
2017-11-29 17:05:57,572 [Line=148] INFO ('', 9982)
2017-11-29 17:07:58,615 [Line=139] INFO udp is running start
2017-11-29 17:07:58,615 [Line=150] INFO ('', 9982)
2017-11-29 17:10:58,000 [Line=140] INFO udp is running start
2017-11-29 17:10:58,000 [Line=151] INFO ('', 9982)
2017-11-29 17:12:12,953 [Line=140] INFO udp is running start
2017-11-29 17:12:12,954 [Line=151] INFO ('', 9982)
2017-11-29 17:13:19,415 [Line=169] INFO 2 SetupUdp receive in 60sec
2017-11-29 17:14:37,187 [Line=140] INFO udp is running start
2017-11-29 17:14:37,187 [Line=151] INFO ('', 9982)
2017-11-29 17:15:09,782 [Line=140] INFO udp is running start
2017-11-29 17:15:09,782 [Line=151] INFO ('', 9982)
2017-11-29 17:15:42,394 [Line=140] INFO udp is running start
2017-11-29 17:15:42,394 [Line=151] INFO ('', 9982)
2017-11-29 17:16:39,467 [Line=140] INFO udp is running start
2017-11-29 17:16:39,469 [Line=151] INFO ('', 9982)
2017-11-29 17:17:15,526 [Line=140] INFO udp is running start
2017-11-29 17:17:15,526 [Line=151] INFO ('', 9982)
2017-11-29 17:20:10,009 [Line=139] INFO udp is running start
2017-11-29 17:20:10,009 [Line=150] INFO ('', 9982)
2017-11-29 17:20:31,430 [Line=139] INFO udp is running start
2017-11-29 17:20:31,430 [Line=150] INFO ('', 9982)
2017-11-29 17:22:09,348 [Line=139] INFO udp is running start
2017-11-29 17:22:09,348 [Line=150] INFO ('', 9982)
2017-11-29 17:23:09,729 [Line=139] INFO udp is running start
2017-11-29 17:23:09,729 [Line=150] INFO ('', 9982)
2017-11-29 17:24:02,046 [Line=139] INFO udp is running start
2017-11-29 17:24:02,048 [Line=150] INFO ('', 9982)
2017-11-29 17:27:23,121 [Line=135] INFO udp is running start
2017-11-29 17:27:23,121 [Line=146] INFO ('', 9982)
2017-11-29 17:30:38,895 [Line=141] INFO udp is running start
2017-11-29 17:30:38,897 [Line=152] INFO ('', 9982)
2017-11-29 17:48:54,006 [Line=143] INFO udp is running start
2017-11-29 17:48:54,006 [Line=154] INFO ('', 9982)
2017-11-29 17:50:12,882 [Line=172] INFO 1 SetupUdp receive in 60sec
2017-11-29 17:53:09,927 [Line=143] INFO udp is running start
2017-11-29 17:53:09,927 [Line=154] INFO ('', 9982)
2017-11-29 17:55:51,319 [Line=172] INFO 1 SetupUdp receive in 60sec
2017-11-29 17:57:05,223 [Line=143] INFO udp is running start
2017-11-29 17:57:05,224 [Line=154] INFO ('', 9982)
2017-11-29 17:58:42,186 [Line=172] INFO 1 SetupUdp receive in 60sec
2017-11-29 18:00:32,697 [Line=143] INFO udp is running start
2017-11-29 18:00:32,698 [Line=154] INFO ('', 9982)
2017-11-29 18:02:07,003 [Line=172] INFO 2 SetupUdp receive in 60sec
2017-11-29 18:03:07,670 [Line=144] INFO udp is running start
2017-11-29 18:03:07,670 [Line=155] INFO ('', 9982)
2017-11-29 18:04:49,516 [Line=144] INFO udp is running start
2017-11-29 18:04:49,517 [Line=155] INFO ('', 9982)
2017-11-29 18:07:28,808 [Line=173] INFO 1 SetupUdp receive in 60sec
2017-11-29 18:08:11,246 [Line=144] INFO udp is running start
2017-11-29 18:08:11,246 [Line=155] INFO ('', 9982)
2017-11-29 18:08:15,562 [Line=144] INFO udp is running start
2017-11-29 18:08:15,563 [Line=155] INFO ('', 9982)
2017-11-29 18:11:13,704 [Line=144] INFO udp is running start
2017-11-29 18:11:13,706 [Line=155] INFO ('', 9982)
2017-11-29 18:12:00,592 [Line=144] INFO udp is running start
2017-11-29 18:12:00,592 [Line=155] INFO ('', 9982)
2017-11-29 18:16:34,630 [Line=144] INFO udp is running start
2017-11-29 18:16:34,630 [Line=155] INFO ('', 9982)
2017-11-29 18:17:41,496 [Line=173] INFO 6 SetupUdp receive in 60sec
2017-11-29 18:18:49,165 [Line=173] INFO 6 SetupUdp receive in 60sec
2017-11-29 18:19:56,836 [Line=173] INFO 6 SetupUdp receive in 60sec
2017-11-29 18:21:04,506 [Line=173] INFO 6 SetupUdp receive in 60sec
2017-11-29 18:22:12,178 [Line=173] INFO 6 SetupUdp receive in 60sec
2017-11-29 18:23:19,940 [Line=173] INFO 6 SetupUdp receive in 60sec
2017-11-29 18:25:16,250 [Line=160] WARNING timed out
2017-11-29 18:26:16,250 [Line=160] WARNING timed out
2017-11-29 18:26:16,970 [Line=173] INFO 6 SetupUdp receive in 60sec
2017-11-29 18:27:24,717 [Line=173] INFO 6 SetupUdp receive in 60sec
2017-11-29 18:28:32,312 [Line=173] INFO 6 SetupUdp receive in 60sec
2017-11-29 18:29:40,033 [Line=173] INFO 6 SetupUdp receive in 60sec
2017-11-29 18:30:47,661 [Line=173] INFO 6 SetupUdp receive in 60sec
2017-11-29 18:31:55,375 [Line=173] INFO 6 SetupUdp receive in 60sec
2017-11-29 18:33:02,993 [Line=173] INFO 6 SetupUdp receive in 60sec
2017-11-29 18:34:10,664 [Line=173] INFO 6 SetupUdp receive in 60sec
2017-11-29 18:35:18,335 [Line=173] INFO 6 SetupUdp receive in 60sec
2017-11-29 18:36:26,053 [Line=173] INFO 6 SetupUdp receive in 60sec
2017-11-29 18:37:33,681 [Line=173] INFO 6 SetupUdp receive in 60sec
2017-11-29 18:38:41,357 [Line=173] INFO 6 SetupUdp receive in 60sec
2017-11-29 18:39:49,019 [Line=173] INFO 6 SetupUdp receive in 60sec
2017-11-29 18:40:56,687 [Line=173] INFO 6 SetupUdp receive in 60sec
2017-11-29 18:42:04,463 [Line=173] INFO 6 SetupUdp receive in 60sec
2017-11-29 18:43:12,029 [Line=173] INFO 6 SetupUdp receive in 60sec
2017-11-29 18:44:19,700 [Line=173] INFO 6 SetupUdp receive in 60sec
2017-11-29 18:45:27,371 [Line=173] INFO 6 SetupUdp receive in 60sec
2017-11-29 18:46:35,094 [Line=173] INFO 6 SetupUdp receive in 60sec
2017-11-29 18:47:42,713 [Line=173] INFO 6 SetupUdp receive in 60sec
2017-11-29 18:48:50,381 [Line=173] INFO 6 SetupUdp receive in 60sec
2017-11-29 18:50:01,663 [Line=160] WARNING timed out
2017-11-29 18:51:01,663 [Line=160] WARNING timed out
2017-11-29 18:52:01,663 [Line=160] WARNING timed out
2017-11-29 18:53:01,664 [Line=160] WARNING timed out
2017-11-29 18:54:01,664 [Line=160] WARNING timed out
2017-11-29 18:55:01,664 [Line=160] WARNING timed out
2017-11-29 18:56:01,665 [Line=160] WARNING timed out
2017-11-30 09:17:56,638 [Line=153] INFO udp is running start
2017-11-30 09:17:56,638 [Line=164] INFO ('', 9982)
2017-11-30 09:20:14,380 [Line=182] INFO 3 SetupUdp receive in 60sec
2017-11-30 09:21:07,798 [Line=153] INFO udp is running start
2017-11-30 09:21:07,799 [Line=164] INFO ('', 9982)
2017-11-30 09:22:17,482 [Line=183] INFO 5 SetupUdp receive in 60sec
2017-11-30 09:23:31,586 [Line=183] INFO 3 SetupUdp receive in 60sec
2017-11-30 09:24:49,309 [Line=183] INFO 1 SetupUdp receive in 60sec
2017-11-30 09:26:04,091 [Line=153] INFO udp is running start
2017-11-30 09:26:04,092 [Line=164] INFO ('', 9982)
2017-11-30 09:28:05,627 [Line=169] WARNING timed out
2017-11-30 09:29:05,627 [Line=169] WARNING timed out
2017-11-30 09:30:05,628 [Line=169] WARNING timed out
2017-11-30 09:30:58,487 [Line=183] INFO 7 SetupUdp receive in 60sec
2017-11-30 09:31:58,489 [Line=183] INFO 392040 SetupUdp receive in 60sec
2017-11-30 09:32:00,996 [Line=169] WARNING [Errno 10054] 
2017-11-30 09:32:25,180 [Line=153] INFO udp is running start
2017-11-30 09:32:25,180 [Line=164] INFO ('', 9982)
2017-11-30 09:33:29,036 [Line=183] INFO 6 SetupUdp receive in 60sec
2017-11-30 09:33:51,048 [Line=169] WARNING [Errno 10054] 
2017-11-30 09:34:02,052 [Line=169] WARNING [Errno 10054] 
2017-11-30 09:34:13,058 [Line=169] WARNING [Errno 10054] 
2017-11-30 09:34:24,062 [Line=169] WARNING [Errno 10054] 
2017-11-30 09:34:29,038 [Line=183] INFO 269390 SetupUdp receive in 60sec
2017-11-30 09:34:35,068 [Line=169] WARNING [Errno 10054] 
2017-11-30 09:35:29,312 [Line=183] INFO 73274 SetupUdp receive in 60sec
2017-11-30 09:35:55,721 [Line=153] INFO udp is running start
2017-11-30 09:35:55,723 [Line=164] INFO ('', 9982)
2017-11-30 09:36:55,723 [Line=169] WARNING timed out
2017-11-30 09:37:55,723 [Line=169] WARNING timed out
2017-11-30 09:38:55,723 [Line=169] WARNING timed out
2017-11-30 09:39:45,459 [Line=183] INFO 1 SetupUdp receive in 60sec
2017-11-30 09:40:45,460 [Line=169] WARNING timed out
2017-11-30 09:41:32,052 [Line=153] INFO udp is running start
2017-11-30 09:41:32,052 [Line=164] INFO ('', 9982)
2017-11-30 09:42:37,993 [Line=169] WARNING udp receive timed out
2017-11-30 09:43:37,993 [Line=169] WARNING udp receive timed out
2017-11-30 09:44:37,993 [Line=169] WARNING udp receive timed out
2017-11-30 09:45:37,993 [Line=169] WARNING udp receive timed out
2017-11-30 09:46:37,994 [Line=169] WARNING udp receive timed out
2017-11-30 09:47:37,994 [Line=169] WARNING udp receive timed out
2017-11-30 09:48:37,994 [Line=169] WARNING udp receive timed out
2017-11-30 09:49:19,865 [Line=169] WARNING udp receive [Errno 10054] 
2017-11-30 09:50:04,589 [Line=169] WARNING udp receive [Errno 10054] 
2017-11-30 09:50:15,865 [Line=169] WARNING udp receive [Errno 10054] 
2017-11-30 09:50:27,144 [Line=169] WARNING udp receive [Errno 10054] 
2017-11-30 09:50:38,461 [Line=169] WARNING udp receive [Errno 10054] 
2017-11-30 09:50:49,756 [Line=169] WARNING udp receive [Errno 10054] 
2017-11-30 09:51:49,756 [Line=169] WARNING udp receive timed out
2017-11-30 09:52:20,655 [Line=169] WARNING udp receive [Errno 10054] 
2017-11-30 09:52:31,963 [Line=169] WARNING udp receive [Errno 10054] 
2017-11-30 09:52:43,220 [Line=169] WARNING udp receive [Errno 10054] 
2017-11-30 09:53:43,221 [Line=169] WARNING udp receive timed out
2017-11-30 09:54:43,221 [Line=169] WARNING udp receive timed out
2017-11-30 09:55:43,223 [Line=169] WARNING udp receive timed out
2017-11-30 09:56:43,223 [Line=169] WARNING udp receive timed out
2017-11-30 09:57:43,223 [Line=169] WARNING udp receive timed out
2017-11-30 09:58:43,223 [Line=169] WARNING udp receive timed out
2017-11-30 09:58:59,934 [Line=169] WARNING udp receive [Errno 10054] 
2017-11-30 09:59:11,214 [Line=169] WARNING udp receive [Errno 10054] 
2017-11-30 09:59:22,447 [Line=169] WARNING udp receive [Errno 10054] 
2017-11-30 09:59:33,753 [Line=169] WARNING udp receive [Errno 10054] 
2017-11-30 09:59:45,033 [Line=169] WARNING udp receive [Errno 10054] 
2017-11-30 09:59:54,969 [Line=169] WARNING udp receive [Errno 10054] 
2017-11-30 09:59:56,312 [Line=169] WARNING udp receive [Errno 10054] 
2017-11-30 10:00:07,571 [Line=169] WARNING udp receive [Errno 10054] 
2017-11-30 10:00:16,605 [Line=169] WARNING udp receive [Errno 10054] 
2017-11-30 10:00:18,888 [Line=169] WARNING udp receive [Errno 10054] 
2017-11-30 10:00:30,144 [Line=169] WARNING udp receive [Errno 10054] 
2017-11-30 10:00:41,424 [Line=169] WARNING udp receive [Errno 10054] 
2017-11-30 10:00:52,703 [Line=169] WARNING udp receive [Errno 10054] 
2017-11-30 10:01:01,372 [Line=169] WARNING udp receive [Errno 10054] 
2017-11-30 10:01:03,982 [Line=169] WARNING udp receive [Errno 10054] 
2017-11-30 10:01:12,651 [Line=169] WARNING udp receive [Errno 10054] 
2017-11-30 10:01:15,243 [Line=169] WARNING udp receive [Errno 10054] 
2017-11-30 10:01:23,924 [Line=169] WARNING udp receive [Errno 10054] 
2017-11-30 10:01:26,558 [Line=169] WARNING udp receive [Errno 10054] 
2017-11-30 10:01:35,213 [Line=169] WARNING udp receive [Errno 10054] 
2017-11-30 10:01:37,792 [Line=169] WARNING udp receive [Errno 10054] 
2017-11-30 10:01:46,470 [Line=169] WARNING udp receive [Errno 10054] 
2017-11-30 10:01:49,069 [Line=169] WARNING udp receive [Errno 10054] 
2017-11-30 10:01:57,765 [Line=169] WARNING udp receive [Errno 10054] 
2017-11-30 10:02:00,374 [Line=169] WARNING udp receive [Errno 10054] 
2017-11-30 10:02:09,059 [Line=169] WARNING udp receive [Errno 10054] 
2017-11-30 10:02:11,657 [Line=169] WARNING udp receive [Errno 10054] 
2017-11-30 10:02:20,316 [Line=169] WARNING udp receive [Errno 10054] 
2017-11-30 10:02:21,862 [Line=153] INFO udp is running start
2017-11-30 10:02:21,864 [Line=164] INFO ('', 9982)
2017-11-30 10:02:22,930 [Line=169] WARNING udp receive [Errno 10054] 
2017-11-30 10:02:22,930 [Line=169] WARNING udp receive [Errno 10054] 
2017-11-30 10:02:31,595 [Line=169] WARNING udp receive [Errno 10054] 
2017-11-30 10:02:31,595 [Line=169] WARNING udp receive [Errno 10054] 
2017-11-30 10:02:34,230 [Line=169] WARNING udp receive [Errno 10054] 
2017-11-30 10:02:34,230 [Line=169] WARNING udp receive [Errno 10054] 
2017-11-30 10:02:35,657 [Line=153] INFO udp is running start
2017-11-30 10:02:35,657 [Line=164] INFO ('', 9982)
2017-11-30 10:02:42,875 [Line=169] WARNING udp receive [Errno 10054] 
2017-11-30 10:02:42,875 [Line=169] WARNING udp receive [Errno 10054] 
2017-11-30 10:02:42,875 [Line=169] WARNING udp receive [Errno 10054] 
2017-11-30 10:02:45,509 [Line=169] WARNING udp receive [Errno 10054] 
2017-11-30 10:02:45,509 [Line=169] WARNING udp receive [Errno 10054] 
2017-11-30 10:02:45,509 [Line=169] WARNING udp receive [Errno 10054] 
2017-11-30 10:02:54,121 [Line=169] WARNING udp receive [Errno 10054] 
2017-11-30 10:02:54,122 [Line=169] WARNING udp receive [Errno 10054] 
2017-11-30 10:02:54,122 [Line=169] WARNING udp receive [Errno 10054] 
2017-11-30 10:02:56,742 [Line=169] WARNING udp receive [Errno 10054] 
2017-11-30 10:02:56,743 [Line=169] WARNING udp receive [Errno 10054] 
2017-11-30 10:02:56,743 [Line=169] WARNING udp receive [Errno 10054] 
2017-11-30 10:03:05,433 [Line=169] WARNING udp receive [Errno 10054] 
2017-11-30 10:03:05,434 [Line=169] WARNING udp receive [Errno 10054] 
2017-11-30 10:03:05,434 [Line=169] WARNING udp receive [Errno 10054] 
2017-11-30 10:03:08,045 [Line=169] WARNING udp receive [Errno 10054] 
2017-11-30 10:03:08,046 [Line=169] WARNING udp receive [Errno 10054] 
2017-11-30 10:03:08,046 [Line=169] WARNING udp receive [Errno 10054] 
2017-11-30 10:03:16,697 [Line=169] WARNING udp receive [Errno 10054] 
2017-11-30 10:03:16,698 [Line=169] WARNING udp receive [Errno 10054] 
2017-11-30 10:03:16,700 [Line=169] WARNING udp receive [Errno 10054] 
2017-11-30 10:03:19,328 [Line=169] WARNING udp receive [Errno 10054] 
2017-11-30 10:03:19,328 [Line=169] WARNING udp receive [Errno 10054] 
2017-11-30 10:03:27,976 [Line=169] WARNING udp receive [Errno 10054] 
2017-11-30 10:03:27,977 [Line=169] WARNING udp receive [Errno 10054] 
2017-11-30 10:03:30,586 [Line=169] WARNING udp receive [Errno 10054] 
2017-11-30 10:03:30,588 [Line=169] WARNING udp receive [Errno 10054] 
2017-11-30 10:03:39,265 [Line=169] WARNING udp receive [Errno 10054] 
2017-11-30 10:03:39,266 [Line=169] WARNING udp receive [Errno 10054] 
2017-11-30 10:03:41,901 [Line=169] WARNING udp receive [Errno 10054] 
2017-11-30 10:03:41,903 [Line=169] WARNING udp receive [Errno 10054] 
2017-11-30 10:03:50,111 [Line=153] INFO udp is running start
2017-11-30 10:03:50,112 [Line=164] INFO ('', 9982)
2017-11-30 10:03:50,532 [Line=169] WARNING udp receive [Errno 10054] 
2017-11-30 10:03:50,532 [Line=169] WARNING udp receive [Errno 10054] 
2017-11-30 10:03:50,532 [Line=169] WARNING udp receive [Errno 10054] 
2017-11-30 10:03:53,158 [Line=169] WARNING udp receive [Errno 10054] 
2017-11-30 10:03:53,158 [Line=169] WARNING udp receive [Errno 10054] 
2017-11-30 10:03:53,160 [Line=169] WARNING udp receive [Errno 10054] 
2017-11-30 10:04:01,811 [Line=169] WARNING udp receive [Errno 10054] 
2017-11-30 10:04:01,812 [Line=169] WARNING udp receive [Errno 10054] 
2017-11-30 10:04:01,812 [Line=169] WARNING udp receive [Errno 10054] 
2017-11-30 10:04:04,437 [Line=169] WARNING udp receive [Errno 10054] 
2017-11-30 10:04:04,438 [Line=169] WARNING udp receive [Errno 10054] 
2017-11-30 10:04:04,440 [Line=169] WARNING udp receive [Errno 10054] 
2017-11-30 10:04:13,102 [Line=169] WARNING udp receive [Errno 10054] 
2017-11-30 10:04:13,104 [Line=169] WARNING udp receive [Errno 10054] 
2017-11-30 10:04:15,691 [Line=169] WARNING udp receive [Errno 10054] 
2017-11-30 10:04:15,693 [Line=169] WARNING udp receive [Errno 10054] 
2017-11-30 10:04:24,384 [Line=169] WARNING udp receive [Errno 10054] 
2017-11-30 10:04:24,384 [Line=169] WARNING udp receive [Errno 10054] 
2017-11-30 10:04:27,000 [Line=169] WARNING udp receive [Errno 10054] 
2017-11-30 10:04:27,000 [Line=169] WARNING udp receive [Errno 10054] 
2017-11-30 10:04:35,647 [Line=169] WARNING udp receive [Errno 10054] 
2017-11-30 10:04:35,648 [Line=169] WARNING udp receive [Errno 10054] 
2017-11-30 10:04:38,290 [Line=169] WARNING udp receive [Errno 10054] 
2017-11-30 10:04:38,292 [Line=169] WARNING udp receive [Errno 10054] 
2017-11-30 10:04:46,937 [Line=169] WARNING udp receive [Errno 10054] 
2017-11-30 10:04:46,937 [Line=169] WARNING udp receive [Errno 10054] 
2017-11-30 10:04:49,573 [Line=169] WARNING udp receive [Errno 10054] 
2017-11-30 10:04:49,573 [Line=169] WARNING udp receive [Errno 10054] 
2017-11-30 10:04:58,201 [Line=169] WARNING udp receive [Errno 10054] 
2017-11-30 10:04:58,203 [Line=169] WARNING udp receive [Errno 10054] 
2017-11-30 10:05:00,851 [Line=169] WARNING udp receive [Errno 10054] 
2017-11-30 10:05:00,852 [Line=169] WARNING udp receive [Errno 10054] 
2017-11-30 10:05:09,496 [Line=169] WARNING udp receive [Errno 10054] 
2017-11-30 10:05:09,496 [Line=169] WARNING udp receive [Errno 10054] 
2017-11-30 10:05:12,111 [Line=169] WARNING udp receive [Errno 10054] 
2017-11-30 10:05:12,111 [Line=169] WARNING udp receive [Errno 10054] 
2017-11-30 10:05:20,776 [Line=169] WARNING udp receive [Errno 10054] 
2017-11-30 10:05:20,776 [Line=169] WARNING udp receive [Errno 10054] 
2017-11-30 10:05:23,391 [Line=169] WARNING udp receive [Errno 10054] 
2017-11-30 10:05:23,391 [Line=169] WARNING udp receive [Errno 10054] 
2017-11-30 10:05:30,522 [Line=169] WARNING udp receive [Errno 10054] 
2017-11-30 10:05:30,841 [Line=169] WARNING udp receive [Errno 10054] 
2017-11-30 10:05:32,030 [Line=169] WARNING udp receive [Errno 10054] 
2017-11-30 10:05:32,032 [Line=169] WARNING udp receive [Errno 10054] 
2017-11-30 10:05:34,671 [Line=169] WARNING udp receive [Errno 10054] 
2017-11-30 10:05:34,671 [Line=169] WARNING udp receive [Errno 10054] 
2017-11-30 10:05:43,334 [Line=169] WARNING udp receive [Errno 10054] 
2017-11-30 10:05:43,335 [Line=169] WARNING udp receive [Errno 10054] 
2017-11-30 10:05:45,930 [Line=169] WARNING udp receive [Errno 10054] 
2017-11-30 10:05:45,930 [Line=169] WARNING udp receive [Errno 10054] 
2017-11-30 10:05:54,614 [Line=169] WARNING udp receive [Errno 10054] 
2017-11-30 10:05:54,615 [Line=169] WARNING udp receive [Errno 10054] 
2017-11-30 10:05:57,246 [Line=169] WARNING udp receive [Errno 10054] 
2017-11-30 10:05:57,246 [Line=169] WARNING udp receive [Errno 10054] 
2017-11-30 10:06:05,862 [Line=169] WARNING udp receive [Errno 10054] 
2017-11-30 10:06:05,864 [Line=169] WARNING udp receive [Errno 10054] 
2017-11-30 10:06:08,480 [Line=169] WARNING udp receive [Errno 10054] 
2017-11-30 10:06:08,480 [Line=169] WARNING udp receive [Errno 10054] 
2017-11-30 10:06:15,223 [Line=169] WARNING udp receive [Errno 10054] 
2017-11-30 10:06:17,144 [Line=169] WARNING udp receive [Errno 10054] 
2017-11-30 10:06:17,144 [Line=169] WARNING udp receive [Errno 10054] 
2017-11-30 10:06:19,756 [Line=169] WARNING udp receive [Errno 10054] 
2017-11-30 10:06:19,757 [Line=169] WARNING udp receive [Errno 10054] 
2017-11-30 10:06:26,503 [Line=169] WARNING udp receive [Errno 10054] 
2017-11-30 10:06:26,505 [Line=169] WARNING udp receive [Errno 10054] 
2017-11-30 10:06:28,447 [Line=169] WARNING udp receive [Errno 10054] 
2017-11-30 10:06:28,447 [Line=169] WARNING udp receive [Errno 10054] 
2017-11-30 10:06:31,036 [Line=169] WARNING udp receive [Errno 10054] 
2017-11-30 10:06:31,036 [Line=169] WARNING udp receive [Errno 10054] 
2017-11-30 10:06:37,775 [Line=169] WARNING udp receive [Errno 10054] 
2017-11-30 10:06:37,776 [Line=169] WARNING udp receive [Errno 10054] 
2017-11-30 10:06:39,710 [Line=169] WARNING udp receive [Errno 10054] 
2017-11-30 10:06:39,710 [Line=169] WARNING udp receive [Errno 10054] 
2017-11-30 10:06:42,328 [Line=169] WARNING udp receive [Errno 10054] 
2017-11-30 10:06:42,328 [Line=169] WARNING udp receive [Errno 10054] 
2017-11-30 10:06:49,063 [Line=169] WARNING udp receive [Errno 10054] 
2017-11-30 10:06:49,065 [Line=169] WARNING udp receive [Errno 10054] 
2017-11-30 10:06:51,003 [Line=169] WARNING udp receive [Errno 10054] 
2017-11-30 10:06:51,003 [Line=169] WARNING udp receive [Errno 10054] 
2017-11-30 10:06:53,585 [Line=169] WARNING udp receive [Errno 10054] 
2017-11-30 10:06:53,585 [Line=169] WARNING udp receive [Errno 10054] 
2017-11-30 10:07:00,322 [Line=169] WARNING udp receive [Errno 10054] 
2017-11-30 10:07:00,322 [Line=169] WARNING udp receive [Errno 10054] 
2017-11-30 10:07:02,278 [Line=169] WARNING udp receive [Errno 10054] 
2017-11-30 10:07:02,279 [Line=169] WARNING udp receive [Errno 10054] 
2017-11-30 10:07:04,917 [Line=169] WARNING udp receive [Errno 10054] 
2017-11-30 10:07:04,917 [Line=169] WARNING udp receive [Errno 10054] 
2017-11-30 10:07:11,618 [Line=169] WARNING udp receive [Errno 10054] 
2017-11-30 10:07:11,618 [Line=169] WARNING udp receive [Errno 10054] 
2017-11-30 10:07:13,556 [Line=169] WARNING udp receive [Errno 10054] 
2017-11-30 10:07:13,556 [Line=169] WARNING udp receive [Errno 10054] 
2017-11-30 10:07:16,174 [Line=169] WARNING udp receive [Errno 10054] 
2017-11-30 10:07:16,174 [Line=169] WARNING udp receive [Errno 10054] 
2017-11-30 10:07:22,894 [Line=169] WARNING udp receive [Errno 10054] 
2017-11-30 10:07:22,895 [Line=169] WARNING udp receive [Errno 10054] 
2017-11-30 10:07:24,822 [Line=169] WARNING udp receive [Errno 10054] 
2017-11-30 10:07:24,822 [Line=169] WARNING udp receive [Errno 10054] 
2017-11-30 10:07:27,453 [Line=169] WARNING udp receive [Errno 10054] 
2017-11-30 10:07:27,454 [Line=169] WARNING udp receive [Errno 10054] 
2017-11-30 10:07:34,186 [Line=169] WARNING udp receive [Errno 10054] 
2017-11-30 10:07:34,187 [Line=169] WARNING udp receive [Errno 10054] 
2017-11-30 10:07:36,137 [Line=169] WARNING udp receive [Errno 10054] 
2017-11-30 10:07:36,137 [Line=169] WARNING udp receive [Errno 10054] 
2017-11-30 10:07:38,733 [Line=169] WARNING udp receive [Errno 10054] 
2017-11-30 10:07:38,734 [Line=169] WARNING udp receive [Errno 10054] 
2017-11-30 10:07:45,447 [Line=169] WARNING udp receive [Errno 10054] 
2017-11-30 10:07:45,447 [Line=169] WARNING udp receive [Errno 10054] 
2017-11-30 10:07:47,377 [Line=169] WARNING udp receive [Errno 10054] 
2017-11-30 10:07:47,377 [Line=169] WARNING udp receive [Errno 10054] 
2017-11-30 10:07:50,013 [Line=169] WARNING udp receive [Errno 10054] 
2017-11-30 10:07:50,015 [Line=169] WARNING udp receive [Errno 10054] 
2017-11-30 10:07:56,727 [Line=169] WARNING udp receive [Errno 10054] 
2017-11-30 10:07:56,729 [Line=169] WARNING udp receive [Errno 10054] 
2017-11-30 10:07:58,673 [Line=169] WARNING udp receive [Errno 10054] 
2017-11-30 10:07:58,674 [Line=169] WARNING udp receive [Errno 10054] 
2017-11-30 10:08:01,290 [Line=169] WARNING udp receive [Errno 10054] 
2017-11-30 10:08:01,292 [Line=169] WARNING udp receive [Errno 10054] 
2017-11-30 10:08:12,589 [Line=169] WARNING udp receive [Errno 10054] 
2017-11-30 10:08:12,589 [Line=169] WARNING udp receive [Errno 10054] 
2017-11-30 10:08:23,831 [Line=169] WARNING udp receive [Errno 10054] 
2017-11-30 10:08:23,831 [Line=169] WARNING udp receive [Errno 10054] 
2017-11-30 10:08:35,127 [Line=169] WARNING udp receive [Errno 10054] 
2017-11-30 10:08:35,127 [Line=169] WARNING udp receive [Errno 10054] 
2017-11-30 10:08:46,380 [Line=169] WARNING udp receive [Errno 10054] 
2017-11-30 10:08:46,381 [Line=169] WARNING udp receive [Errno 10054] 
2017-11-30 10:08:57,686 [Line=169] WARNING udp receive [Errno 10054] 
2017-11-30 10:08:57,687 [Line=169] WARNING udp receive [Errno 10054] 
2017-11-30 10:09:08,960 [Line=169] WARNING udp receive [Errno 10054] 
2017-11-30 10:09:08,960 [Line=169] WARNING udp receive [Errno 10054] 
2017-11-30 10:09:20,262 [Line=169] WARNING udp receive [Errno 10054] 
2017-11-30 10:09:20,262 [Line=169] WARNING udp receive [Errno 10054] 
2017-11-30 10:09:31,503 [Line=169] WARNING udp receive [Errno 10054] 
2017-11-30 10:09:31,503 [Line=169] WARNING udp receive [Errno 10054] 
2017-11-30 10:09:35,789 [Line=169] WARNING udp receive [Errno 10054] 
2017-11-30 10:09:35,823 [Line=169] WARNING udp receive [Errno 10054] 
2017-11-30 10:09:42,796 [Line=169] WARNING udp receive [Errno 10054] 
2017-11-30 10:09:42,798 [Line=169] WARNING udp receive [Errno 10054] 
2017-11-30 10:09:47,062 [Line=169] WARNING udp receive [Errno 10054] 
2017-11-30 10:09:47,062 [Line=169] WARNING udp receive [Errno 10054] 
2017-11-30 10:09:47,085 [Line=169] WARNING udp receive [Errno 10054] 
2017-11-30 10:09:47,085 [Line=169] WARNING udp receive [Errno 10054] 
2017-11-30 10:09:54,051 [Line=169] WARNING udp receive [Errno 10054] 
2017-11-30 10:09:54,051 [Line=169] WARNING udp receive [Errno 10054] 
2017-11-30 10:09:58,342 [Line=169] WARNING udp receive [Errno 10054] 
2017-11-30 10:09:58,342 [Line=169] WARNING udp receive [Errno 10054] 
2017-11-30 10:09:58,352 [Line=169] WARNING udp receive [Errno 10054] 
2017-11-30 10:09:58,352 [Line=169] WARNING udp receive [Errno 10054] 
2017-11-30 10:10:05,358 [Line=169] WARNING udp receive [Errno 10054] 
2017-11-30 10:10:05,358 [Line=169] WARNING udp receive [Errno 10054] 
2017-11-30 10:10:09,605 [Line=169] WARNING udp receive [Errno 10054] 
2017-11-30 10:10:09,607 [Line=169] WARNING udp receive [Errno 10054] 
2017-11-30 10:10:09,654 [Line=169] WARNING udp receive [Errno 10054] 
2017-11-30 10:10:09,654 [Line=169] WARNING udp receive [Errno 10054] 
2017-11-30 10:10:16,631 [Line=169] WARNING udp receive [Errno 10054] 
2017-11-30 10:10:16,632 [Line=169] WARNING udp receive [Errno 10054] 
2017-11-30 10:10:20,901 [Line=169] WARNING udp receive [Errno 10054] 
2017-11-30 10:10:20,901 [Line=169] WARNING udp receive [Errno 10054] 
2017-11-30 10:10:20,934 [Line=169] WARNING udp receive [Errno 10054] 
2017-11-30 10:10:20,936 [Line=169] WARNING udp receive [Errno 10054] 
2017-11-30 10:10:27,895 [Line=169] WARNING udp receive [Errno 10054] 
2017-11-30 10:10:27,895 [Line=169] WARNING udp receive [Errno 10054] 
2017-11-30 10:10:32,180 [Line=169] WARNING udp receive [Errno 10054] 
2017-11-30 10:10:32,181 [Line=169] WARNING udp receive [Errno 10054] 
2017-11-30 10:10:32,213 [Line=169] WARNING udp receive [Errno 10054] 
2017-11-30 10:10:32,213 [Line=169] WARNING udp receive [Errno 10054] 
2017-11-30 10:10:39,167 [Line=169] WARNING udp receive [Errno 10054] 
2017-11-30 10:10:39,167 [Line=169] WARNING udp receive [Errno 10054] 
2017-11-30 10:10:43,443 [Line=169] WARNING udp receive [Errno 10054] 
2017-11-30 10:10:43,443 [Line=169] WARNING udp receive [Errno 10054] 
2017-11-30 10:10:43,466 [Line=169] WARNING udp receive [Errno 10054] 
2017-11-30 10:10:43,466 [Line=169] WARNING udp receive [Errno 10054] 
2017-11-30 10:10:50,469 [Line=169] WARNING udp receive [Errno 10054] 
2017-11-30 10:10:50,470 [Line=169] WARNING udp receive [Errno 10054] 
2017-11-30 10:10:54,723 [Line=169] WARNING udp receive [Errno 10054] 
2017-11-30 10:10:54,723 [Line=169] WARNING udp receive [Errno 10054] 
2017-11-30 10:10:54,756 [Line=169] WARNING udp receive [Errno 10054] 
2017-11-30 10:10:54,756 [Line=169] WARNING udp receive [Errno 10054] 
2017-11-30 10:11:01,723 [Line=169] WARNING udp receive [Errno 10054] 
2017-11-30 10:11:01,723 [Line=169] WARNING udp receive [Errno 10054] 
2017-11-30 10:11:06,010 [Line=169] WARNING udp receive [Errno 10054] 
2017-11-30 10:11:06,010 [Line=169] WARNING udp receive [Errno 10054] 
2017-11-30 10:11:06,046 [Line=169] WARNING udp receive [Errno 10054] 
2017-11-30 10:11:06,046 [Line=169] WARNING udp receive [Errno 10054] 
2017-11-30 10:11:13,002 [Line=169] WARNING udp receive [Errno 10054] 
2017-11-30 10:11:13,002 [Line=169] WARNING udp receive [Errno 10054] 
2017-11-30 10:11:17,289 [Line=169] WARNING udp receive [Errno 10054] 
2017-11-30 10:11:17,289 [Line=169] WARNING udp receive [Errno 10054] 
2017-11-30 10:11:17,325 [Line=169] WARNING udp receive [Errno 10054] 
2017-11-30 10:11:17,325 [Line=169] WARNING udp receive [Errno 10054] 
2017-11-30 10:11:24,306 [Line=169] WARNING udp receive [Errno 10054] 
2017-11-30 10:11:24,308 [Line=169] WARNING udp receive [Errno 10054] 
2017-11-30 10:11:28,549 [Line=169] WARNING udp receive [Errno 10054] 
2017-11-30 10:11:28,549 [Line=169] WARNING udp receive [Errno 10054] 
2017-11-30 10:11:28,607 [Line=169] WARNING udp receive [Errno 10054] 
2017-11-30 10:11:28,607 [Line=169] WARNING udp receive [Errno 10054] 
2017-11-30 10:11:35,605 [Line=169] WARNING udp receive [Errno 10054] 
2017-11-30 10:11:35,605 [Line=169] WARNING udp receive [Errno 10054] 
2017-11-30 10:11:39,832 [Line=169] WARNING udp receive [Errno 10054] 
2017-11-30 10:11:39,834 [Line=169] WARNING udp receive [Errno 10054] 
2017-11-30 10:11:39,868 [Line=169] WARNING udp receive [Errno 10054] 
2017-11-30 10:11:39,868 [Line=169] WARNING udp receive [Errno 10054] 
2017-11-30 10:11:46,838 [Line=169] WARNING udp receive [Errno 10054] 
2017-11-30 10:11:46,838 [Line=169] WARNING udp receive [Errno 10054] 
2017-11-30 10:11:51,105 [Line=169] WARNING udp receive [Errno 10054] 
2017-11-30 10:11:51,105 [Line=169] WARNING udp receive [Errno 10054] 
2017-11-30 10:11:51,105 [Line=169] WARNING udp receive [Errno 10054] 
2017-11-30 10:11:51,107 [Line=169] WARNING udp receive [Errno 10054] 
2017-11-30 10:11:58,140 [Line=169] WARNING udp receive [Errno 10054] 
2017-11-30 10:11:58,141 [Line=169] WARNING udp receive [Errno 10054] 
2017-11-30 10:12:02,404 [Line=169] WARNING udp receive [Errno 10054] 
2017-11-30 10:12:02,404 [Line=169] WARNING udp receive [Errno 10054] 
2017-11-30 10:12:02,438 [Line=169] WARNING udp receive [Errno 10054] 
2017-11-30 10:12:02,440 [Line=169] WARNING udp receive [Errno 10054] 
2017-11-30 10:12:09,418 [Line=169] WARNING udp receive [Errno 10054] 
2017-11-30 10:12:09,420 [Line=169] WARNING udp receive [Errno 10054] 
2017-11-30 10:12:13,658 [Line=169] WARNING udp receive [Errno 10054] 
2017-11-30 10:12:13,660 [Line=169] WARNING udp receive [Errno 10054] 
2017-11-30 10:12:13,717 [Line=169] WARNING udp receive [Errno 10054] 
2017-11-30 10:12:13,717 [Line=169] WARNING udp receive [Errno 10054] 
2017-11-30 10:12:20,700 [Line=169] WARNING udp receive [Errno 10054] 
2017-11-30 10:12:20,700 [Line=169] WARNING udp receive [Errno 10054] 
2017-11-30 10:12:24,970 [Line=169] WARNING udp receive [Errno 10054] 
2017-11-30 10:12:24,970 [Line=169] WARNING udp receive [Errno 10054] 
2017-11-30 10:12:25,006 [Line=169] WARNING udp receive [Errno 10054] 
2017-11-30 10:12:25,006 [Line=169] WARNING udp receive [Errno 10054] 
2017-11-30 10:12:31,953 [Line=169] WARNING udp receive [Errno 10054] 
2017-11-30 10:12:31,953 [Line=169] WARNING udp receive [Errno 10054] 
2017-11-30 10:12:36,242 [Line=169] WARNING udp receive [Errno 10054] 
2017-11-30 10:12:36,242 [Line=169] WARNING udp receive [Errno 10054] 
2017-11-30 10:12:36,276 [Line=169] WARNING udp receive [Errno 10054] 
2017-11-30 10:12:36,278 [Line=169] WARNING udp receive [Errno 10054] 
2017-11-30 10:12:43,240 [Line=169] WARNING udp receive [Errno 10054] 
2017-11-30 10:12:43,240 [Line=169] WARNING udp receive [Errno 10054] 
2017-11-30 10:12:47,493 [Line=169] WARNING udp receive [Errno 10054] 
2017-11-30 10:12:47,493 [Line=169] WARNING udp receive [Errno 10054] 
2017-11-30 10:12:47,552 [Line=169] WARNING udp receive [Errno 10054] 
2017-11-30 10:12:47,552 [Line=169] WARNING udp receive [Errno 10054] 
2017-11-30 10:12:54,555 [Line=169] WARNING udp receive [Errno 10054] 
2017-11-30 10:12:54,555 [Line=169] WARNING udp receive [Errno 10054] 
2017-11-30 10:12:58,776 [Line=169] WARNING udp receive [Errno 10054] 
2017-11-30 10:12:58,778 [Line=169] WARNING udp receive [Errno 10054] 
2017-11-30 10:12:58,835 [Line=169] WARNING udp receive [Errno 10054] 
2017-11-30 10:12:58,836 [Line=169] WARNING udp receive [Errno 10054] 
2017-11-30 10:13:05,812 [Line=169] WARNING udp receive [Errno 10054] 
2017-11-30 10:13:05,812 [Line=169] WARNING udp receive [Errno 10054] 
2017-11-30 10:13:10,073 [Line=169] WARNING udp receive [Errno 10054] 
2017-11-30 10:13:10,073 [Line=169] WARNING udp receive [Errno 10054] 
2017-11-30 10:13:10,085 [Line=169] WARNING udp receive [Errno 10054] 
2017-11-30 10:13:10,086 [Line=169] WARNING udp receive [Errno 10054] 
2017-11-30 10:13:17,069 [Line=169] WARNING udp receive [Errno 10054] 
2017-11-30 10:13:17,071 [Line=169] WARNING udp receive [Errno 10054] 
2017-11-30 10:13:28,372 [Line=169] WARNING udp receive [Errno 10054] 
2017-11-30 10:13:28,372 [Line=169] WARNING udp receive [Errno 10054] 
2017-11-30 10:13:39,653 [Line=169] WARNING udp receive [Errno 10054] 
2017-11-30 10:13:39,653 [Line=169] WARNING udp receive [Errno 10054] 
2017-11-30 10:13:50,948 [Line=169] WARNING udp receive [Errno 10054] 
2017-11-30 10:13:50,950 [Line=169] WARNING udp receive [Errno 10054] 
2017-11-30 10:14:02,226 [Line=169] WARNING udp receive [Errno 10054] 
2017-11-30 10:14:02,227 [Line=169] WARNING udp receive [Errno 10054] 
2017-11-30 10:14:13,483 [Line=169] WARNING udp receive [Errno 10054] 
2017-11-30 10:14:13,484 [Line=169] WARNING udp receive [Errno 10054] 
2017-11-30 10:14:24,763 [Line=169] WARNING udp receive [Errno 10054] 
2017-11-30 10:14:24,763 [Line=169] WARNING udp receive [Errno 10054] 
2017-11-30 10:14:36,043 [Line=169] WARNING udp receive [Errno 10054] 
2017-11-30 10:14:36,045 [Line=169] WARNING udp receive [Errno 10054] 
2017-11-30 10:14:47,325 [Line=169] WARNING udp receive [Errno 10054] 
2017-11-30 10:14:47,325 [Line=169] WARNING udp receive [Errno 10054] 
2017-11-30 10:14:58,619 [Line=169] WARNING udp receive [Errno 10054] 
2017-11-30 10:14:58,621 [Line=169] WARNING udp receive [Errno 10054] 
2017-11-30 10:15:09,900 [Line=169] WARNING udp receive [Errno 10054] 
2017-11-30 10:15:09,900 [Line=169] WARNING udp receive [Errno 10054] 
2017-11-30 10:15:21,155 [Line=169] WARNING udp receive [Errno 10054] 
2017-11-30 10:15:21,155 [Line=169] WARNING udp receive [Errno 10054] 
2017-11-30 10:15:32,434 [Line=169] WARNING udp receive [Errno 10054] 
2017-11-30 10:15:32,436 [Line=169] WARNING udp receive [Errno 10054] 
2017-11-30 10:15:43,688 [Line=169] WARNING udp receive [Errno 10054] 
2017-11-30 10:15:43,690 [Line=169] WARNING udp receive [Errno 10054] 
2017-11-30 10:15:54,969 [Line=169] WARNING udp receive [Errno 10054] 
2017-11-30 10:15:54,969 [Line=169] WARNING udp receive [Errno 10054] 
2017-11-30 10:16:06,269 [Line=169] WARNING udp receive [Errno 10054] 
2017-11-30 10:16:06,269 [Line=169] WARNING udp receive [Errno 10054] 
2017-11-30 10:16:17,571 [Line=169] WARNING udp receive [Errno 10054] 
2017-11-30 10:16:17,572 [Line=169] WARNING udp receive [Errno 10054] 
2017-11-30 10:16:28,828 [Line=169] WARNING udp receive [Errno 10054] 
2017-11-30 10:16:28,828 [Line=169] WARNING udp receive [Errno 10054] 
2017-11-30 10:16:40,107 [Line=169] WARNING udp receive [Errno 10054] 
2017-11-30 10:16:40,108 [Line=169] WARNING udp receive [Errno 10054] 
2017-11-30 10:16:51,361 [Line=169] WARNING udp receive [Errno 10054] 
2017-11-30 10:16:51,361 [Line=169] WARNING udp receive [Errno 10054] 
2017-11-30 10:17:02,668 [Line=169] WARNING udp receive [Errno 10054] 
2017-11-30 10:17:02,668 [Line=169] WARNING udp receive [Errno 10054] 
2017-11-30 10:17:13,947 [Line=169] WARNING udp receive [Errno 10054] 
2017-11-30 10:17:13,948 [Line=169] WARNING udp receive [Errno 10054] 
2017-11-30 10:17:25,197 [Line=169] WARNING udp receive [Errno 10054] 
2017-11-30 10:17:25,198 [Line=169] WARNING udp receive [Errno 10054] 
2017-11-30 10:17:36,483 [Line=169] WARNING udp receive [Errno 10054] 
2017-11-30 10:17:36,484 [Line=169] WARNING udp receive [Errno 10054] 
2017-11-30 10:17:47,756 [Line=169] WARNING udp receive [Errno 10054] 
2017-11-30 10:17:47,756 [Line=169] WARNING udp receive [Errno 10054] 
2017-11-30 10:17:59,059 [Line=169] WARNING udp receive [Errno 10054] 
2017-11-30 10:17:59,059 [Line=169] WARNING udp receive [Errno 10054] 
2017-11-30 10:18:10,311 [Line=169] WARNING udp receive [Errno 10054] 
2017-11-30 10:18:10,312 [Line=169] WARNING udp receive [Errno 10054] 
2017-11-30 10:18:21,614 [Line=169] WARNING udp receive [Errno 10054] 
2017-11-30 10:18:21,614 [Line=169] WARNING udp receive [Errno 10054] 
2017-11-30 10:18:32,869 [Line=169] WARNING udp receive [Errno 10054] 
2017-11-30 10:18:32,869 [Line=169] WARNING udp receive [Errno 10054] 
2017-11-30 10:18:44,155 [Line=169] WARNING udp receive [Errno 10054] 
2017-11-30 10:18:44,157 [Line=169] WARNING udp receive [Errno 10054] 
2017-11-30 10:18:55,450 [Line=169] WARNING udp receive [Errno 10054] 
2017-11-30 10:18:55,450 [Line=169] WARNING udp receive [Errno 10054] 
2017-11-30 10:19:06,704 [Line=169] WARNING udp receive [Errno 10054] 
2017-11-30 10:19:06,706 [Line=169] WARNING udp receive [Errno 10054] 
2017-11-30 10:19:17,983 [Line=169] WARNING udp receive [Errno 10054] 
2017-11-30 10:19:17,983 [Line=169] WARNING udp receive [Errno 10054] 
2017-11-30 10:19:29,289 [Line=169] WARNING udp receive [Errno 10054] 
2017-11-30 10:19:29,289 [Line=169] WARNING udp receive [Errno 10054] 
2017-11-30 10:19:40,542 [Line=169] WARNING udp receive [Errno 10054] 
2017-11-30 10:19:40,542 [Line=169] WARNING udp receive [Errno 10054] 
2017-11-30 10:19:51,844 [Line=169] WARNING udp receive [Errno 10054] 
2017-11-30 10:19:51,845 [Line=169] WARNING udp receive [Errno 10054] 
2017-11-30 10:20:03,121 [Line=169] WARNING udp receive [Errno 10054] 
2017-11-30 10:20:03,121 [Line=169] WARNING udp receive [Errno 10054] 
2017-11-30 10:20:14,377 [Line=169] WARNING udp receive [Errno 10054] 
2017-11-30 10:20:14,378 [Line=169] WARNING udp receive [Errno 10054] 
2017-11-30 10:20:25,683 [Line=169] WARNING udp receive [Errno 10054] 
2017-11-30 10:20:25,684 [Line=169] WARNING udp receive [Errno 10054] 
2017-11-30 10:20:36,960 [Line=169] WARNING udp receive [Errno 10054] 
2017-11-30 10:20:36,960 [Line=169] WARNING udp receive [Errno 10054] 
2017-11-30 10:20:48,221 [Line=169] WARNING udp receive [Errno 10054] 
2017-11-30 10:20:48,221 [Line=169] WARNING udp receive [Errno 10054] 
2017-11-30 10:20:59,516 [Line=169] WARNING udp receive [Errno 10054] 
2017-11-30 10:20:59,516 [Line=169] WARNING udp receive [Errno 10054] 
2017-11-30 10:21:10,793 [Line=169] WARNING udp receive [Errno 10054] 
2017-11-30 10:21:10,793 [Line=169] WARNING udp receive [Errno 10054] 
2017-11-30 10:21:22,075 [Line=169] WARNING udp receive [Errno 10054] 
2017-11-30 10:21:22,075 [Line=169] WARNING udp receive [Errno 10054] 
2017-11-30 10:21:33,355 [Line=169] WARNING udp receive [Errno 10054] 
2017-11-30 10:21:33,355 [Line=169] WARNING udp receive [Errno 10054] 
2017-11-30 10:21:44,634 [Line=169] WARNING udp receive [Errno 10054] 
2017-11-30 10:21:44,634 [Line=169] WARNING udp receive [Errno 10054] 
2017-11-30 10:21:55,894 [Line=169] WARNING udp receive [Errno 10054] 
2017-11-30 10:21:55,894 [Line=169] WARNING udp receive [Errno 10054] 
2017-11-30 10:22:07,171 [Line=169] WARNING udp receive [Errno 10054] 
2017-11-30 10:22:07,173 [Line=169] WARNING udp receive [Errno 10054] 
2017-11-30 10:22:18,466 [Line=169] WARNING udp receive [Errno 10054] 
2017-11-30 10:22:18,467 [Line=169] WARNING udp receive [Errno 10054] 
2017-11-30 10:22:29,720 [Line=169] WARNING udp receive [Errno 10054] 
2017-11-30 10:22:29,721 [Line=169] WARNING udp receive [Errno 10054] 
2017-11-30 10:22:40,999 [Line=169] WARNING udp receive [Errno 10054] 
2017-11-30 10:22:41,000 [Line=169] WARNING udp receive [Errno 10054] 
2017-11-30 10:22:52,306 [Line=169] WARNING udp receive [Errno 10054] 
2017-11-30 10:22:52,306 [Line=169] WARNING udp receive [Errno 10054] 
2017-11-30 10:23:03,602 [Line=169] WARNING udp receive [Errno 10054] 
2017-11-30 10:23:03,602 [Line=169] WARNING udp receive [Errno 10054] 
2017-11-30 10:23:14,877 [Line=169] WARNING udp receive [Errno 10054] 
2017-11-30 10:23:14,878 [Line=169] WARNING udp receive [Errno 10054] 
2017-11-30 10:23:26,160 [Line=169] WARNING udp receive [Errno 10054] 
2017-11-30 10:23:26,160 [Line=169] WARNING udp receive [Errno 10054] 
2017-11-30 10:23:37,417 [Line=169] WARNING udp receive [Errno 10054] 
2017-11-30 10:23:37,418 [Line=169] WARNING udp receive [Errno 10054] 
2017-11-30 10:23:48,697 [Line=169] WARNING udp receive [Errno 10054] 
2017-11-30 10:23:48,698 [Line=169] WARNING udp receive [Errno 10054] 
2017-11-30 10:23:59,980 [Line=169] WARNING udp receive [Errno 10054] 
2017-11-30 10:23:59,980 [Line=169] WARNING udp receive [Errno 10054] 
2017-11-30 10:24:11,252 [Line=169] WARNING udp receive [Errno 10054] 
2017-11-30 10:24:11,252 [Line=169] WARNING udp receive [Errno 10054] 
2017-11-30 10:24:22,506 [Line=169] WARNING udp receive [Errno 10054] 
2017-11-30 10:24:22,507 [Line=169] WARNING udp receive [Errno 10054] 
2017-11-30 10:24:33,809 [Line=169] WARNING udp receive [Errno 10054] 
2017-11-30 10:24:33,811 [Line=169] WARNING udp receive [Errno 10054] 
2017-11-30 10:24:45,065 [Line=169] WARNING udp receive [Errno 10054] 
2017-11-30 10:24:45,065 [Line=169] WARNING udp receive [Errno 10054] 
2017-11-30 10:24:56,369 [Line=169] WARNING udp receive [Errno 10054] 
2017-11-30 10:24:56,369 [Line=169] WARNING udp receive [Errno 10054] 
2017-11-30 10:25:07,650 [Line=169] WARNING udp receive [Errno 10054] 
2017-11-30 10:25:07,650 [Line=169] WARNING udp receive [Errno 10054] 
2017-11-30 10:25:18,930 [Line=169] WARNING udp receive [Errno 10054] 
2017-11-30 10:25:18,930 [Line=169] WARNING udp receive [Errno 10054] 
2017-11-30 10:25:30,180 [Line=169] WARNING udp receive [Errno 10054] 
2017-11-30 10:25:30,180 [Line=169] WARNING udp receive [Errno 10054] 
2017-11-30 10:25:41,503 [Line=169] WARNING udp receive [Errno 10054] 
2017-11-30 10:25:41,503 [Line=169] WARNING udp receive [Errno 10054] 
2017-11-30 10:25:52,736 [Line=169] WARNING udp receive [Errno 10054] 
2017-11-30 10:25:52,736 [Line=169] WARNING udp receive [Errno 10054] 
2017-11-30 10:26:04,042 [Line=169] WARNING udp receive [Errno 10054] 
2017-11-30 10:26:04,042 [Line=169] WARNING udp receive [Errno 10054] 
2017-11-30 10:26:15,321 [Line=169] WARNING udp receive [Errno 10054] 
2017-11-30 10:26:15,322 [Line=169] WARNING udp receive [Errno 10054] 
2017-11-30 10:26:26,601 [Line=169] WARNING udp receive [Errno 10054] 
2017-11-30 10:26:26,602 [Line=169] WARNING udp receive [Errno 10054] 
2017-11-30 10:26:37,851 [Line=169] WARNING udp receive [Errno 10054] 
2017-11-30 10:26:37,852 [Line=169] WARNING udp receive [Errno 10054] 
2017-11-30 10:26:49,138 [Line=169] WARNING udp receive [Errno 10054] 
2017-11-30 10:26:49,138 [Line=169] WARNING udp receive [Errno 10054] 
2017-11-30 10:27:00,408 [Line=169] WARNING udp receive [Errno 10054] 
2017-11-30 10:27:00,410 [Line=169] WARNING udp receive [Errno 10054] 
2017-11-30 10:27:11,686 [Line=169] WARNING udp receive [Errno 10054] 
2017-11-30 10:27:11,687 [Line=169] WARNING udp receive [Errno 10054] 
2017-11-30 10:27:22,990 [Line=169] WARNING udp receive [Errno 10054] 
2017-11-30 10:27:22,992 [Line=169] WARNING udp receive [Errno 10054] 
2017-11-30 10:27:34,273 [Line=169] WARNING udp receive [Errno 10054] 
2017-11-30 10:27:34,273 [Line=169] WARNING udp receive [Errno 10054] 
2017-11-30 10:27:45,523 [Line=169] WARNING udp receive [Errno 10054] 
2017-11-30 10:27:45,523 [Line=169] WARNING udp receive [Errno 10054] 
2017-11-30 10:27:56,846 [Line=169] WARNING udp receive [Errno 10054] 
2017-11-30 10:27:56,848 [Line=169] WARNING udp receive [Errno 10054] 
2017-11-30 10:28:08,079 [Line=169] WARNING udp receive [Errno 10054] 
2017-11-30 10:28:08,081 [Line=169] WARNING udp receive [Errno 10054] 
2017-11-30 10:28:19,358 [Line=169] WARNING udp receive [Errno 10054] 
2017-11-30 10:28:19,358 [Line=169] WARNING udp receive [Errno 10054] 
2017-11-30 10:28:30,628 [Line=169] WARNING udp receive [Errno 10054] 
2017-11-30 10:28:30,628 [Line=169] WARNING udp receive [Errno 10054] 
2017-11-30 10:28:41,940 [Line=169] WARNING udp receive [Errno 10054] 
2017-11-30 10:28:41,940 [Line=169] WARNING udp receive [Errno 10054] 
2017-11-30 10:28:53,203 [Line=169] WARNING udp receive [Errno 10054] 
2017-11-30 10:28:53,203 [Line=169] WARNING udp receive [Errno 10054] 
2017-11-30 10:29:04,482 [Line=169] WARNING udp receive [Errno 10054] 
2017-11-30 10:29:04,483 [Line=169] WARNING udp receive [Errno 10054] 
2017-11-30 10:29:15,776 [Line=169] WARNING udp receive [Errno 10054] 
2017-11-30 10:29:15,776 [Line=169] WARNING udp receive [Errno 10054] 
2017-11-30 10:29:27,055 [Line=169] WARNING udp receive [Errno 10054] 
2017-11-30 10:29:27,056 [Line=169] WARNING udp receive [Errno 10054] 
2017-11-30 10:29:38,322 [Line=169] WARNING udp receive [Errno 10054] 
2017-11-30 10:33:19,997 [Line=153] INFO udp is running start
2017-11-30 10:33:19,999 [Line=164] INFO ('', 9982)
2017-11-30 10:33:21,095 [Line=169] WARNING udp receive [Errno 10054] 
2017-11-30 10:33:21,099 [Line=169] WARNING udp receive [Errno 10054] 
2017-11-30 10:33:23,839 [Line=169] WARNING udp receive [Errno 10054] 
2017-11-30 10:33:32,348 [Line=169] WARNING udp receive [Errno 10054] 
2017-11-30 10:33:32,371 [Line=169] WARNING udp receive [Errno 10054] 
2017-11-30 10:33:35,170 [Line=169] WARNING udp receive [Errno 10054] 
2017-11-30 10:33:43,628 [Line=169] WARNING udp receive [Errno 10054] 
2017-11-30 10:33:43,653 [Line=169] WARNING udp receive [Errno 10054] 
2017-11-30 10:33:46,450 [Line=169] WARNING udp receive [Errno 10054] 
2017-11-30 10:33:54,905 [Line=169] WARNING udp receive [Errno 10054] 
2017-11-30 10:33:54,933 [Line=169] WARNING udp receive [Errno 10054] 
2017-11-30 10:33:57,730 [Line=169] WARNING udp receive [Errno 10054] 
2017-11-30 10:34:06,194 [Line=169] WARNING udp receive [Errno 10054] 
2017-11-30 10:34:06,217 [Line=169] WARNING udp receive [Errno 10054] 
2017-11-30 10:34:09,013 [Line=169] WARNING udp receive [Errno 10054] 
2017-11-30 10:34:17,434 [Line=169] WARNING udp receive [Errno 10054] 
2017-11-30 10:34:17,457 [Line=169] WARNING udp receive [Errno 10054] 
2017-12-06 09:05:34,834 [Line=153] INFO udp is running start
2017-12-06 09:11:50,542 [Line=153] INFO udp is running start
2017-12-06 09:12:19,400 [Line=153] INFO udp is running start
2017-12-06 09:14:23,171 [Line=153] INFO udp is running start
2017-12-06 09:15:33,940 [Line=153] INFO udp is running start
2017-12-06 09:22:16,334 [Line=155] INFO udp is running start
2017-12-06 09:22:16,798 [Line=173] INFO ('', 9982)
2017-12-06 09:22:18,959 [Line=178] WARNING udp receive [Errno 10054] 
2017-12-06 09:22:18,960 [Line=178] WARNING udp receive [Errno 10054] 
2017-12-06 09:22:19,153 [Line=178] WARNING udp receive [Errno 10054] 
2017-12-06 09:22:26,124 [Line=178] WARNING udp receive [Errno 10054] 
2017-12-06 09:22:27,608 [Line=178] WARNING udp receive [Errno 10054] 
2017-12-06 09:22:29,634 [Line=178] WARNING udp receive [Errno 10054] 
2017-12-06 09:22:29,980 [Line=178] WARNING udp receive [Errno 10054] 
2017-12-06 09:22:30,155 [Line=178] WARNING udp receive [Errno 10054] 
2017-12-06 09:22:37,127 [Line=178] WARNING udp receive [Errno 10054] 
2017-12-06 09:22:38,858 [Line=178] WARNING udp receive [Errno 10054] 
2017-12-06 09:22:40,638 [Line=178] WARNING udp receive [Errno 10054] 
2017-12-06 09:22:41,160 [Line=178] WARNING udp receive [Errno 10054] 
2017-12-06 09:22:41,260 [Line=178] WARNING udp receive [Errno 10054] 
2017-12-06 09:22:48,130 [Line=178] WARNING udp receive [Errno 10054] 
2017-12-06 09:22:50,167 [Line=178] WARNING udp receive [Errno 10054] 
2017-12-06 09:22:51,644 [Line=178] WARNING udp receive [Errno 10054] 
2017-12-06 09:22:52,163 [Line=178] WARNING udp receive [Errno 10054] 
2017-12-06 09:22:52,540 [Line=178] WARNING udp receive [Errno 10054] 
2017-12-06 09:22:59,132 [Line=178] WARNING udp receive [Errno 10054] 
2017-12-06 09:23:01,417 [Line=178] WARNING udp receive [Errno 10054] 
2017-12-06 09:23:02,650 [Line=178] WARNING udp receive [Errno 10054] 
2017-12-06 09:23:03,165 [Line=178] WARNING udp receive [Errno 10054] 
2017-12-06 09:23:03,821 [Line=178] WARNING udp receive [Errno 10054] 
2017-12-06 09:23:10,135 [Line=178] WARNING udp receive [Errno 10054] 
2017-12-06 09:23:12,726 [Line=178] WARNING udp receive [Errno 10054] 
2017-12-06 09:23:13,671 [Line=178] WARNING udp receive [Errno 10054] 
2017-12-06 09:23:14,167 [Line=178] WARNING udp receive [Errno 10054] 
2017-12-06 09:23:15,125 [Line=178] WARNING udp receive [Errno 10054] 
2017-12-06 09:23:21,138 [Line=178] WARNING udp receive [Errno 10054] 
2017-12-06 09:23:23,970 [Line=178] WARNING udp receive [Errno 10054] 
2017-12-06 09:23:24,677 [Line=178] WARNING udp receive [Errno 10054] 
2017-12-06 09:23:25,171 [Line=178] WARNING udp receive [Errno 10054] 
2017-12-06 09:23:26,374 [Line=178] WARNING udp receive [Errno 10054] 
2017-12-06 09:23:32,142 [Line=178] WARNING udp receive [Errno 10054] 
2017-12-06 09:23:35,232 [Line=178] WARNING udp receive [Errno 10054] 
2017-12-06 09:23:35,683 [Line=178] WARNING udp receive [Errno 10054] 
2017-12-06 09:23:36,174 [Line=178] WARNING udp receive [Errno 10054] 
2017-12-06 09:23:37,653 [Line=178] WARNING udp receive [Errno 10054] 
2017-12-06 09:23:43,145 [Line=178] WARNING udp receive [Errno 10054] 
2017-12-06 09:23:46,526 [Line=178] WARNING udp receive [Errno 10054] 
2017-12-06 09:23:46,688 [Line=178] WARNING udp receive [Errno 10054] 
2017-12-06 09:23:47,177 [Line=178] WARNING udp receive [Errno 10054] 
2017-12-06 09:23:48,931 [Line=178] WARNING udp receive [Errno 10054] 
2017-12-06 09:23:54,148 [Line=178] WARNING udp receive [Errno 10054] 
2017-12-06 09:23:57,838 [Line=178] WARNING udp receive [Errno 10054] 
2017-12-06 09:23:58,180 [Line=178] WARNING udp receive [Errno 10054] 
2017-12-06 09:24:00,211 [Line=178] WARNING udp receive [Errno 10054] 
2017-12-06 09:24:06,482 [Line=155] INFO udp is running start
2017-12-06 09:24:08,680 [Line=173] INFO ('', 9982)
2017-12-06 09:24:09,128 [Line=178] WARNING udp receive [Errno 10054] 
2017-12-06 09:24:09,184 [Line=178] WARNING udp receive [Errno 10054] 
2017-12-06 09:24:11,500 [Line=178] WARNING udp receive [Errno 10054] 
2017-12-06 09:24:16,155 [Line=178] WARNING udp receive [Errno 10054] 
2017-12-06 09:24:20,187 [Line=178] WARNING udp receive [Errno 10054] 
2017-12-06 09:24:20,390 [Line=178] WARNING udp receive [Errno 10054] 
2017-12-06 09:24:22,773 [Line=178] WARNING udp receive [Errno 10054] 
2017-12-06 09:25:43,500 [Line=162] INFO udp is running start
2017-12-06 09:25:46,098 [Line=180] INFO ('', 9982)
2017-12-06 09:25:48,232 [Line=185] WARNING udp receive [Errno 10054] 
2017-12-06 09:25:50,549 [Line=185] WARNING udp receive [Errno 10054] 
2017-12-06 09:25:55,207 [Line=185] WARNING udp receive [Errno 10054] 
2017-12-06 09:25:59,246 [Line=185] WARNING udp receive [Errno 10054] 
2017-12-06 09:26:01,809 [Line=185] WARNING udp receive [Errno 10054] 
2017-12-06 09:26:06,219 [Line=185] WARNING udp receive [Errno 10054] 
2017-12-06 09:26:10,240 [Line=185] WARNING udp receive [Errno 10054] 
2017-12-06 09:26:13,088 [Line=185] WARNING udp receive [Errno 10054] 
2017-12-06 09:26:17,221 [Line=185] WARNING udp receive [Errno 10054] 
2017-12-06 09:26:21,243 [Line=185] WARNING udp receive [Errno 10054] 
2017-12-06 09:26:24,377 [Line=185] WARNING udp receive [Errno 10054] 
2017-12-06 09:26:28,224 [Line=185] WARNING udp receive [Errno 10054] 
2017-12-06 09:26:32,256 [Line=185] WARNING udp receive [Errno 10054] 
2017-12-06 09:26:35,605 [Line=185] WARNING udp receive [Errno 10054] 
2017-12-06 09:26:39,217 [Line=185] WARNING udp receive [Errno 10054] 
2017-12-06 09:26:43,250 [Line=185] WARNING udp receive [Errno 10054] 
2017-12-06 09:26:46,891 [Line=185] WARNING udp receive [Errno 10054] 
2017-12-06 09:26:50,229 [Line=185] WARNING udp receive [Errno 10054] 
2017-12-06 09:26:54,253 [Line=185] WARNING udp receive [Errno 10054] 
2017-12-06 09:26:58,200 [Line=185] WARNING udp receive [Errno 10054] 
2017-12-06 09:27:01,233 [Line=185] WARNING udp receive [Errno 10054] 
2017-12-06 09:27:05,266 [Line=185] WARNING udp receive [Errno 10054] 
2017-12-06 09:27:09,469 [Line=185] WARNING udp receive [Errno 10054] 
2017-12-06 09:27:12,229 [Line=185] WARNING udp receive [Errno 10054] 
2017-12-06 09:27:16,269 [Line=185] WARNING udp receive [Errno 10054] 
2017-12-06 09:27:20,750 [Line=185] WARNING udp receive [Errno 10054] 
2017-12-06 09:27:23,242 [Line=185] WARNING udp receive [Errno 10054] 
2017-12-06 09:27:27,273 [Line=185] WARNING udp receive [Errno 10054] 
2017-12-06 09:27:32,029 [Line=185] WARNING udp receive [Errno 10054] 
2017-12-06 09:27:34,233 [Line=185] WARNING udp receive [Errno 10054] 
2017-12-06 09:27:38,266 [Line=185] WARNING udp receive [Errno 10054] 
2017-12-06 09:27:43,290 [Line=185] WARNING udp receive [Errno 10054] 
2017-12-06 09:27:45,246 [Line=185] WARNING udp receive [Errno 10054] 
2017-12-06 09:27:49,269 [Line=185] WARNING udp receive [Errno 10054] 
2017-12-06 09:27:54,543 [Line=185] WARNING udp receive [Errno 10054] 
2017-12-06 09:27:56,246 [Line=185] WARNING udp receive [Errno 10054] 
2017-12-06 09:28:00,282 [Line=185] WARNING udp receive [Errno 10054] 
2017-12-06 09:28:05,849 [Line=185] WARNING udp receive [Errno 10054] 
2017-12-06 09:28:07,240 [Line=185] WARNING udp receive [Errno 10054] 
2017-12-06 09:28:11,282 [Line=185] WARNING udp receive [Errno 10054] 
2017-12-06 09:28:17,148 [Line=185] WARNING udp receive [Errno 10054] 
2017-12-06 09:28:18,247 [Line=185] WARNING udp receive [Errno 10054] 
2017-12-06 09:28:22,289 [Line=185] WARNING udp receive [Errno 10054] 
2017-12-06 09:28:28,427 [Line=185] WARNING udp receive [Errno 10054] 
2017-12-06 09:28:29,256 [Line=185] WARNING udp receive [Errno 10054] 
2017-12-06 09:28:33,289 [Line=185] WARNING udp receive [Errno 10054] 
2017-12-06 09:28:39,700 [Line=185] WARNING udp receive [Errno 10054] 
2017-12-06 09:28:40,259 [Line=185] WARNING udp receive [Errno 10054] 
2017-12-06 09:28:44,292 [Line=185] WARNING udp receive [Errno 10054] 
2017-12-06 09:28:50,987 [Line=185] WARNING udp receive [Errno 10054] 
2017-12-06 09:28:51,256 [Line=185] WARNING udp receive [Errno 10054] 
2017-12-06 09:28:55,285 [Line=185] WARNING udp receive [Errno 10054] 
2017-12-06 09:29:02,269 [Line=185] WARNING udp receive [Errno 10054] 
2017-12-06 09:29:02,269 [Line=185] WARNING udp receive [Errno 10054] 
2017-12-06 09:29:06,298 [Line=185] WARNING udp receive [Errno 10054] 
2017-12-06 09:29:13,260 [Line=185] WARNING udp receive [Errno 10054] 
2017-12-06 09:29:13,529 [Line=185] WARNING udp receive [Errno 10054] 
2017-12-06 09:29:17,293 [Line=185] WARNING udp receive [Errno 10054] 
2017-12-06 09:29:24,276 [Line=185] WARNING udp receive [Errno 10054] 
2017-12-06 09:29:24,763 [Line=185] WARNING udp receive [Errno 10054] 
2017-12-06 09:29:28,305 [Line=185] WARNING udp receive [Errno 10054] 
2017-12-06 09:29:35,280 [Line=185] WARNING udp receive [Errno 10054] 
2017-12-06 09:29:36,095 [Line=185] WARNING udp receive [Errno 10054] 
2017-12-06 09:29:39,311 [Line=185] WARNING udp receive [Errno 10054] 
2017-12-06 09:29:46,282 [Line=185] WARNING udp receive [Errno 10054] 
2017-12-06 09:29:47,374 [Line=185] WARNING udp receive [Errno 10054] 
2017-12-06 09:29:50,305 [Line=185] WARNING udp receive [Errno 10054] 
2017-12-06 09:29:57,278 [Line=185] WARNING udp receive [Errno 10054] 
2017-12-06 09:29:58,647 [Line=185] WARNING udp receive [Errno 10054] 
2017-12-06 09:30:01,316 [Line=185] WARNING udp receive [Errno 10054] 
2017-12-06 09:30:08,289 [Line=185] WARNING udp receive [Errno 10054] 
2017-12-06 09:30:09,930 [Line=185] WARNING udp receive [Errno 10054] 
2017-12-06 09:30:12,319 [Line=185] WARNING udp receive [Errno 10054] 
2017-12-06 09:30:19,292 [Line=185] WARNING udp receive [Errno 10054] 
2017-12-06 09:30:21,197 [Line=185] WARNING udp receive [Errno 10054] 
2017-12-06 09:30:23,323 [Line=185] WARNING udp receive [Errno 10054] 
2017-12-06 09:30:30,286 [Line=185] WARNING udp receive [Errno 10054] 
2017-12-06 09:30:32,479 [Line=185] WARNING udp receive [Errno 10054] 
2017-12-06 09:30:34,325 [Line=185] WARNING udp receive [Errno 10054] 
2017-12-06 09:31:10,915 [Line=162] INFO udp is running start
2017-12-06 09:31:52,936 [Line=180] INFO ('', 9982)
2017-12-06 09:31:58,312 [Line=185] WARNING udp receive [Errno 10054] 
2017-12-06 09:32:02,342 [Line=185] WARNING udp receive [Errno 10054] 
2017-12-06 09:38:16,244 [Line=162] INFO udp is running start
2017-12-06 09:38:21,746 [Line=180] INFO ('', 9982)
2017-12-06 09:47:50,765 [Line=163] INFO udp is running start
2017-12-06 09:47:52,673 [Line=181] INFO ('', 9982)
2017-12-06 09:49:40,496 [Line=163] INFO udp is running start
2017-12-06 09:49:42,911 [Line=181] INFO ('', 9982)
2017-12-06 09:50:27,782 [Line=186] WARNING udp receive [Errno 10054] 
2017-12-06 09:50:27,783 [Line=186] WARNING udp receive [Errno 10054] 
2017-12-06 09:50:27,783 [Line=186] WARNING udp receive [Errno 10054] 
2017-12-06 09:50:27,783 [Line=186] WARNING udp receive [Errno 10054] 
2017-12-06 09:50:27,783 [Line=186] WARNING udp receive [Errno 10054] 
2017-12-06 09:50:27,785 [Line=186] WARNING udp receive [Errno 10054] 
2017-12-06 09:50:27,785 [Line=186] WARNING udp receive [Errno 10054] 
2017-12-06 09:50:27,785 [Line=186] WARNING udp receive [Errno 10054] 
2017-12-06 09:50:27,785 [Line=186] WARNING udp receive [Errno 10054] 
2017-12-06 09:50:27,786 [Line=186] WARNING udp receive [Errno 10054] 
2017-12-06 09:50:27,786 [Line=186] WARNING udp receive [Errno 10054] 
2017-12-06 09:50:29,637 [Line=186] WARNING udp receive [Errno 10054] 
2017-12-06 09:50:31,930 [Line=186] WARNING udp receive [Errno 10054] 
2017-12-06 09:50:33,671 [Line=186] WARNING udp receive [Errno 10054] 
2017-12-06 09:50:40,654 [Line=186] WARNING udp receive [Errno 10054] 
2017-12-06 09:50:42,946 [Line=186] WARNING udp receive [Errno 10054] 
2017-12-06 09:50:44,664 [Line=186] WARNING udp receive [Errno 10054] 
2017-12-06 09:51:24,033 [Line=165] INFO udp is running start
2017-12-06 09:51:24,562 [Line=183] INFO ('', 9982)
2017-12-06 09:51:24,665 [Line=188] WARNING udp receive [Errno 10054] 
2017-12-06 09:51:26,967 [Line=188] WARNING udp receive [Errno 10054] 
2017-12-06 09:51:28,687 [Line=188] WARNING udp receive [Errno 10054] 
2017-12-06 09:52:31,167 [Line=165] INFO udp is running start
2017-12-06 09:52:31,676 [Line=183] INFO ('', 9982)
2017-12-06 09:54:18,279 [Line=165] INFO udp is running start
2017-12-06 09:54:18,793 [Line=183] INFO ('', 9982)
2017-12-06 09:58:21,971 [Line=166] INFO udp is running start
2017-12-06 09:58:22,494 [Line=184] INFO ('', 9982)
2017-12-06 09:58:37,299 [Line=166] INFO udp is running start
2017-12-06 09:58:37,812 [Line=184] INFO ('', 9982)
2017-12-06 09:59:21,257 [Line=166] INFO udp is running start
2017-12-06 09:59:21,762 [Line=184] INFO ('', 9982)
2017-12-06 09:59:28,141 [Line=189] WARNING udp receive [Errno 10054] 
2017-12-06 09:59:30,250 [Line=189] WARNING udp receive [Errno 10054] 
2017-12-06 09:59:31,207 [Line=189] WARNING udp receive [Errno 10054] 
2017-12-06 09:59:32,826 [Line=189] WARNING udp receive [Errno 10054] 
2017-12-06 09:59:39,819 [Line=189] WARNING udp receive [Errno 10054] 
2017-12-06 09:59:42,221 [Line=189] WARNING udp receive [Errno 10054] 
2017-12-06 09:59:43,828 [Line=189] WARNING udp receive [Errno 10054] 
2017-12-06 09:59:50,803 [Line=189] WARNING udp receive [Errno 10054] 
2017-12-06 09:59:53,236 [Line=189] WARNING udp receive [Errno 10054] 
2017-12-06 09:59:54,828 [Line=189] WARNING udp receive [Errno 10054] 
2017-12-06 10:00:01,805 [Line=189] WARNING udp receive [Errno 10054] 
2017-12-06 10:00:04,233 [Line=189] WARNING udp receive [Errno 10054] 
2017-12-06 10:00:05,836 [Line=189] WARNING udp receive [Errno 10054] 
2017-12-06 10:00:12,818 [Line=189] WARNING udp receive [Errno 10054] 
2017-12-06 10:00:15,239 [Line=189] WARNING udp receive [Errno 10054] 
2017-12-06 10:00:16,838 [Line=189] WARNING udp receive [Errno 10054] 
2017-12-06 10:00:23,828 [Line=189] WARNING udp receive [Errno 10054] 
2017-12-06 10:00:26,234 [Line=189] WARNING udp receive [Errno 10054] 
2017-12-06 10:00:27,831 [Line=189] WARNING udp receive [Errno 10054] 
2017-12-06 10:00:34,828 [Line=189] WARNING udp receive [Errno 10054] 
2017-12-06 10:00:38,844 [Line=189] WARNING udp receive [Errno 10054] 
2017-12-06 10:00:45,828 [Line=189] WARNING udp receive [Errno 10054] 
2017-12-06 10:00:48,256 [Line=189] WARNING udp receive [Errno 10054] 
2017-12-06 10:00:49,852 [Line=189] WARNING udp receive [Errno 10054] 
2017-12-06 10:00:56,831 [Line=189] WARNING udp receive [Errno 10054] 
2017-12-06 10:00:59,262 [Line=189] WARNING udp receive [Errno 10054] 
2017-12-06 10:01:00,838 [Line=189] WARNING udp receive [Errno 10054] 
2017-12-06 10:01:07,825 [Line=189] WARNING udp receive [Errno 10054] 
2017-12-06 10:01:10,267 [Line=189] WARNING udp receive [Errno 10054] 
2017-12-06 10:01:11,845 [Line=189] WARNING udp receive [Errno 10054] 
2017-12-06 10:01:18,838 [Line=189] WARNING udp receive [Errno 10054] 
2017-12-06 10:01:21,273 [Line=189] WARNING udp receive [Errno 10054] 
2017-12-06 10:01:22,857 [Line=189] WARNING udp receive [Errno 10054] 
2017-12-06 10:01:29,841 [Line=189] WARNING udp receive [Errno 10054] 
2017-12-06 10:01:52,457 [Line=189] WARNING udp receive [Errno 10054] 
2017-12-06 10:01:52,457 [Line=189] WARNING udp receive [Errno 10054] 
2017-12-06 10:01:52,459 [Line=189] WARNING udp receive [Errno 10054] 
2017-12-06 10:01:52,459 [Line=189] WARNING udp receive [Errno 10054] 
2017-12-06 10:01:52,460 [Line=189] WARNING udp receive [Errno 10054] 
2017-12-06 10:01:52,460 [Line=189] WARNING udp receive [Errno 10054] 
2017-12-06 10:01:54,282 [Line=189] WARNING udp receive [Errno 10054] 
2017-12-06 10:01:55,875 [Line=189] WARNING udp receive [Errno 10054] 
2017-12-06 10:02:02,849 [Line=189] WARNING udp receive [Errno 10054] 
2017-12-06 10:02:05,296 [Line=189] WARNING udp receive [Errno 10054] 
2017-12-06 10:02:06,868 [Line=189] WARNING udp receive [Errno 10054] 
2017-12-06 10:02:13,868 [Line=189] WARNING udp receive [Errno 10054] 
2017-12-06 10:02:16,302 [Line=189] WARNING udp receive [Errno 10054] 
2017-12-06 10:02:17,864 [Line=189] WARNING udp receive [Errno 10054] 
2017-12-06 10:02:24,855 [Line=189] WARNING udp receive [Errno 10054] 
2017-12-06 10:02:27,316 [Line=189] WARNING udp receive [Errno 10054] 
2017-12-06 10:02:28,875 [Line=189] WARNING udp receive [Errno 10054] 
2017-12-06 10:02:35,859 [Line=189] WARNING udp receive [Errno 10054] 
2017-12-06 10:02:38,312 [Line=189] WARNING udp receive [Errno 10054] 
2017-12-06 10:02:39,875 [Line=189] WARNING udp receive [Errno 10054] 
2017-12-06 10:02:46,855 [Line=189] WARNING udp receive [Errno 10054] 
2017-12-06 10:02:49,316 [Line=189] WARNING udp receive [Errno 10054] 
2017-12-06 10:02:50,878 [Line=189] WARNING udp receive [Errno 10054] 
2017-12-06 10:02:57,875 [Line=189] WARNING udp receive [Errno 10054] 
2017-12-06 10:03:00,322 [Line=189] WARNING udp receive [Errno 10054] 
2017-12-06 10:03:01,884 [Line=189] WARNING udp receive [Errno 10054] 
2017-12-06 10:03:08,857 [Line=189] WARNING udp receive [Errno 10054] 
2017-12-06 10:03:11,341 [Line=189] WARNING udp receive [Errno 10054] 
2017-12-06 10:03:12,884 [Line=189] WARNING udp receive [Errno 10054] 
2017-12-06 10:03:19,869 [Line=189] WARNING udp receive [Errno 10054] 
2017-12-06 10:03:22,328 [Line=189] WARNING udp receive [Errno 10054] 
2017-12-06 10:03:23,901 [Line=189] WARNING udp receive [Errno 10054] 
2017-12-06 10:03:30,875 [Line=189] WARNING udp receive [Errno 10054] 
2017-12-06 10:03:33,328 [Line=189] WARNING udp receive [Errno 10054] 
2017-12-06 10:03:34,888 [Line=189] WARNING udp receive [Errno 10054] 
2017-12-06 10:03:41,891 [Line=189] WARNING udp receive [Errno 10054] 
2017-12-06 10:03:44,338 [Line=189] WARNING udp receive [Errno 10054] 
2017-12-06 10:03:45,895 [Line=189] WARNING udp receive [Errno 10054] 
2017-12-06 10:03:52,885 [Line=189] WARNING udp receive [Errno 10054] 
2017-12-06 10:03:55,367 [Line=189] WARNING udp receive [Errno 10054] 
2017-12-06 10:03:56,897 [Line=189] WARNING udp receive [Errno 10054] 
2017-12-06 10:04:03,875 [Line=189] WARNING udp receive [Errno 10054] 
2017-12-06 10:04:06,358 [Line=189] WARNING udp receive [Errno 10054] 
2017-12-06 10:04:07,908 [Line=189] WARNING udp receive [Errno 10054] 
2017-12-06 10:04:14,888 [Line=189] WARNING udp receive [Errno 10054] 
2017-12-06 10:04:17,368 [Line=189] WARNING udp receive [Errno 10054] 
2017-12-06 10:04:18,907 [Line=189] WARNING udp receive [Errno 10054] 
